CMSPen/proguard-rules.pro
-keep public class com.tushar.cmspen2.SPenDetection extends android.app.Service {
    static void waitForEvent();
}
-keepattributes SourceFile,LineNumberTable