CMSPen/build/outputs/mapping/release/seeds.txt
com.tushar.cmspen2.BootReceiver
com.tushar.cmspen2.BootReceiver: BootReceiver()
com.tushar.cmspen2.Exec
com.tushar.cmspen2.Exec: java.io.FileDescriptor createSubprocess(java.lang.String,java.lang.String[],java.lang.String[],int[])
com.tushar.cmspen2.Exec: int waitFor(int)
com.tushar.cmspen2.Exec: void close(java.io.FileDescriptor)
com.tushar.cmspen2.Exec: void hangupProcessGroup(int)
com.tushar.cmspen2.KeyboardActivity
com.tushar.cmspen2.KeyboardActivity: KeyboardActivity()
com.tushar.cmspen2.MainActivity
com.tushar.cmspen2.MainActivity: MainActivity()
com.tushar.cmspen2.R$dimen: int activity_horizontal_margin
com.tushar.cmspen2.R$dimen: int activity_vertical_margin
com.tushar.cmspen2.R$drawable: int ic_action_button
com.tushar.cmspen2.R$drawable: int ic_action_color
com.tushar.cmspen2.R$drawable: int ic_action_crop
com.tushar.cmspen2.R$drawable: int ic_action_delete
com.tushar.cmspen2.R$drawable: int ic_action_discard
com.tushar.cmspen2.R$drawable: int ic_action_edit
com.tushar.cmspen2.R$drawable: int ic_action_erase
com.tushar.cmspen2.R$drawable: int ic_action_keyboard
com.tushar.cmspen2.R$drawable: int ic_action_redo
com.tushar.cmspen2.R$drawable: int ic_action_save
com.tushar.cmspen2.R$drawable: int ic_action_screenshot
com.tushar.cmspen2.R$drawable: int ic_action_share
com.tushar.cmspen2.R$drawable: int ic_action_touchscreen
com.tushar.cmspen2.R$drawable: int ic_action_undo
com.tushar.cmspen2.R$drawable: int ic_launcher
com.tushar.cmspen2.R$drawable: int selector_with_transparency
com.tushar.cmspen2.R$drawable: int transparent
com.tushar.cmspen2.R$id: int ScrollView01
com.tushar.cmspen2.R$id: int activate
com.tushar.cmspen2.R$id: int bfeat_main_button
com.tushar.cmspen2.R$id: int block
com.tushar.cmspen2.R$id: int block_enable
com.tushar.cmspen2.R$id: int block_text
com.tushar.cmspen2.R$id: int button_adjustments
com.tushar.cmspen2.R$id: int button_adjustments_text
com.tushar.cmspen2.R$id: int button_frame
com.tushar.cmspen2.R$id: int button_ll
com.tushar.cmspen2.R$id: int buy
com.tushar.cmspen2.R$id: int buy_frame
com.tushar.cmspen2.R$id: int buy_subtext
com.tushar.cmspen2.R$id: int buy_text
com.tushar.cmspen2.R$id: int check_legacy
com.tushar.cmspen2.R$id: int color
com.tushar.cmspen2.R$id: int crop
com.tushar.cmspen2.R$id: int crop_ask_body
com.tushar.cmspen2.R$id: int crop_controls
com.tushar.cmspen2.R$id: int crop_discard
com.tushar.cmspen2.R$id: int crop_overwrite_pref
com.tushar.cmspen2.R$id: int crop_save
com.tushar.cmspen2.R$id: int default_controls
com.tushar.cmspen2.R$id: int default_landscape
com.tushar.cmspen2.R$id: int default_landscape_enable
com.tushar.cmspen2.R$id: int default_landscape_text
com.tushar.cmspen2.R$id: int delete
com.tushar.cmspen2.R$id: int edit
com.tushar.cmspen2.R$id: int edit_buy
com.tushar.cmspen2.R$id: int edit_buy_frame
com.tushar.cmspen2.R$id: int edit_buy_subtext
com.tushar.cmspen2.R$id: int edit_buy_text
com.tushar.cmspen2.R$id: int edit_color
com.tushar.cmspen2.R$id: int edit_controls
com.tushar.cmspen2.R$id: int edit_discard
com.tushar.cmspen2.R$layout: int activity_keyboard
com.tushar.cmspen2.R$layout: int activity_screenshot
com.tushar.cmspen2.R$layout: int activity_tasker_edit
com.tushar.cmspen2.R$layout: int crop_ask
com.tushar.cmspen2.R$layout: int main
com.tushar.cmspen2.R$layout: int selector_item
com.tushar.cmspen2.R$string: int action_settings
com.tushar.cmspen2.R$string: int app_name
com.tushar.cmspen2.R$string: int title_activity_keyboard
com.tushar.cmspen2.R$string: int title_activity_screenshot
com.tushar.cmspen2.R$string: int title_activity_tasker_edit
...
android.support.v4.app.BackStackState: android.os.Parcelable$Creator CREATOR
android.support.v4.app.Fragment$SavedState: android.os.Parcelable$Creator CREATOR
android.support.v4.app.FragmentManagerState: android.os.Parcelable$Creator CREATOR
android.support.v4.app.FragmentState: android.os.Parcelable$Creator CREATOR
android.support.v4.content.ModernAsyncTask$Status: android.support.v4.content.ModernAsyncTask$Status[] values()
android.support.v4.content.ModernAsyncTask$Status: android.support.v4.content.ModernAsyncTask$Status valueOf(java.lang.String)
android.support.v4.view.PagerTabStrip: void setTabIndicatorColor(int)
android.support.v4.view.PagerTabStrip: void setTabIndicatorColorResource(int)
android.support.v4.view.PagerTabStrip: int getTabIndicatorColor()
android.support.v4.view.PagerTabStrip: void setTextSpacing(int)
android.support.v4.view.PagerTabStrip: void setBackgroundDrawable(android.graphics.drawable.Drawable)
android.support.v4.view.PagerTabStrip: void setBackgroundColor(int)
android.support.v4.view.PagerTabStrip: void setBackgroundResource(int)
android.support.v4.view.PagerTabStrip: void setDrawFullUnderline(boolean)
android.support.v4.view.PagerTabStrip: boolean getDrawFullUnderline()
android.support.v4.view.PagerTabStrip: int getMinHeight()
android.support.v4.view.PagerTitleStrip: void setSingleLineAllCaps(android.widget.TextView)
android.support.v4.view.PagerTitleStrip: void setTextSpacing(int)
android.support.v4.view.PagerTitleStrip: int getTextSpacing()
android.support.v4.view.PagerTitleStrip: void setNonPrimaryAlpha(float)
android.support.v4.view.PagerTitleStrip: void setTextColor(int)
android.support.v4.view.PagerTitleStrip: void setGravity(int)
android.support.v4.view.PagerTitleStrip: int getMinHeight()
android.support.v4.view.ViewPager: void setScrollState(int)
android.support.v4.view.ViewPager: void setAdapter(android.support.v4.view.PagerAdapter)
android.support.v4.view.ViewPager: android.support.v4.view.PagerAdapter getAdapter()
android.support.v4.view.ViewPager: void setOnAdapterChangeListener(android.support.v4.view.ViewPager$OnAdapterChangeListener)
android.support.v4.view.ViewPager: void setCurrentItem(int)
android.support.v4.view.ViewPager: int getCurrentItem()
android.support.v4.view.ViewPager: void setOnPageChangeListener(android.support.v4.view.ViewPager$OnPageChangeListener)
android.support.v4.view.ViewPager: int getOffscreenPageLimit()
android.support.v4.view.ViewPager: void setOffscreenPageLimit(int)
android.support.v4.view.ViewPager: void setPageMargin(int)
android.support.v4.view.ViewPager: int getPageMargin()
android.support.v4.view.ViewPager: void setPageMarginDrawable(android.graphics.drawable.Drawable)
android.support.v4.view.ViewPager: void setPageMarginDrawable(int)
android.support.v4.view.ViewPager: void setScrollingCacheEnabled(boolean)
android.support.v4.view.ViewPager$SavedState: android.os.Parcelable$Creator CREATOR