CMSPen/build/outputs/mapping/release/usage.txt
com.tushar.cmspen2.BuildConfig
com.tushar.cmspen2.CropView:
    24:49:public CropView(android.content.Context,android.util.AttributeSet)
    24:55:public CropView(android.content.Context,android.util.AttributeSet,int)
com.tushar.cmspen2.DrawView:
    private static final float TOUCH_TOLERANCE
    23:337:public DrawView(android.content.Context,android.util.AttributeSet,int)
    23:337:public DrawView(android.content.Context,android.util.AttributeSet)
com.tushar.cmspen2.EraserView:
    22:38:public EraserView(android.content.Context,android.util.AttributeSet)
    22:42:public EraserView(android.content.Context,android.util.AttributeSet,int)
com.tushar.cmspen2.Exec:
    6:6:Exec()
com.tushar.cmspen2.MainActivity:
    static final java.lang.String BASE64_KEY
    static final int KB_CODE
com.tushar.cmspen2.R
com.tushar.cmspen2.R$attr
com.tushar.cmspen2.R$dimen
com.tushar.cmspen2.R$drawable
com.tushar.cmspen2.R$id
com.tushar.cmspen2.R$layout
com.tushar.cmspen2.R$string
com.tushar.cmspen2.libsuperuser.Application
com.tushar.cmspen2.libsuperuser.Application$1
com.tushar.cmspen2.libsuperuser.Debug:
    public static final java.lang.String TAG
    public static final int LOG_GENERAL
    public static final int LOG_COMMAND
    public static final int LOG_OUTPUT
    public static final int LOG_NONE
    public static final int LOG_ALL
    27:57:public Debug()
    43:44:public static void setDebug(boolean)
    138:143:public static void setLogTypeEnabled(int,boolean)
    156:156:public static boolean getLogTypeEnabled(int)
    169:169:public static boolean getLogTypeEnabledEffective(int)
    182:183:public static void setOnLogListener(com.tushar.cmspen2.libsuperuser.Debug$OnLogListener)
    191:191:public static com.tushar.cmspen2.libsuperuser.Debug$OnLogListener getOnLogListener()
    207:208:public static void setSanityChecksEnabled(boolean)
com.tushar.cmspen2.libsuperuser.Events:
    private static final java.lang.String LT
    private static native int PollDev(int)
    8:8:static synthetic int access$000(int)
com.tushar.cmspen2.libsuperuser.Events$InputDevice:
    24:24:public int getPollingEvent()
    28:28:public int getId()
com.tushar.cmspen2.libsuperuser.HideOverlaysReceiver
com.tushar.cmspen2.libsuperuser.Policy
com.tushar.cmspen2.libsuperuser.Shell:
    27:959:public Shell()
    46:46:public static java.util.List run(java.lang.String,java.lang.String[],boolean)
com.tushar.cmspen2.libsuperuser.Shell$1
com.tushar.cmspen2.libsuperuser.Shell$Builder
com.tushar.cmspen2.libsuperuser.Shell$Command
com.tushar.cmspen2.libsuperuser.Shell$Interactive
com.tushar.cmspen2.libsuperuser.Shell$Interactive$1
com.tushar.cmspen2.libsuperuser.Shell$Interactive$2
com.tushar.cmspen2.libsuperuser.Shell$Interactive$3
com.tushar.cmspen2.libsuperuser.Shell$Interactive$4
com.tushar.cmspen2.libsuperuser.Shell$Interactive$5
com.tushar.cmspen2.libsuperuser.Shell$Interactive$6
com.tushar.cmspen2.libsuperuser.Shell$OnCommandLineListener
com.tushar.cmspen2.libsuperuser.Shell$OnCommandResultListener
com.tushar.cmspen2.libsuperuser.Shell$OnResult
com.tushar.cmspen2.libsuperuser.Shell$SH
com.tushar.cmspen2.libsuperuser.Shell$SU:
    263:263:public Shell$SU()
    290:290:public static java.util.List run(java.util.List)
    340:373:public static synchronized java.lang.String version(boolean)
    409:431:public static java.lang.String shell(int,java.lang.String)
    442:445:public static java.lang.String shellMountMaster()
    455:488:public static synchronized boolean isSELinuxEnforcing()
    503:506:public static synchronized void clearCachedResults()
com.tushar.cmspen2.libsuperuser.ShellNotClosedException
com.tushar.cmspen2.libsuperuser.ShellOnMainThreadException:
    public static final java.lang.String EXCEPTION_COMMAND
    public static final java.lang.String EXCEPTION_NOT_IDLE
    public static final java.lang.String EXCEPTION_WAIT_IDLE
    public static final java.lang.String EXCEPTION_TOOLBOX
...
android.support.v4.view.AccessibilityDelegateCompat$AccessibilityDelegateImpl
android.support.v4.view.AccessibilityDelegateCompat$AccessibilityDelegateJellyBeanImpl
android.support.v4.view.AccessibilityDelegateCompat$AccessibilityDelegateJellyBeanImpl$1
android.support.v4.view.AccessibilityDelegateCompat$AccessibilityDelegateStubImpl
android.support.v4.view.AccessibilityDelegateCompatIcs
android.support.v4.view.AccessibilityDelegateCompatIcs$1
android.support.v4.view.AccessibilityDelegateCompatIcs$AccessibilityDelegateBridge
android.support.v4.view.AccessibilityDelegateCompatJellyBean
android.support.v4.view.AccessibilityDelegateCompatJellyBean$1
android.support.v4.view.AccessibilityDelegateCompatJellyBean$AccessibilityDelegateBridgeJellyBean
android.support.v4.view.KeyEventCompat
android.support.v4.view.KeyEventCompat$BaseKeyEventVersionImpl
android.support.v4.view.KeyEventCompat$HoneycombKeyEventVersionImpl
android.support.v4.view.KeyEventCompat$KeyEventVersionImpl
android.support.v4.view.KeyEventCompatHoneycomb
android.support.v4.view.MenuCompat
android.support.v4.view.MenuCompat$BaseMenuVersionImpl
android.support.v4.view.MenuCompat$HoneycombMenuVersionImpl
android.support.v4.view.MenuCompat$MenuVersionImpl
android.support.v4.view.MenuItemCompat
android.support.v4.view.MenuItemCompat$BaseMenuVersionImpl
android.support.v4.view.MenuItemCompat$HoneycombMenuVersionImpl
android.support.v4.view.MenuItemCompat$MenuVersionImpl
android.support.v4.view.MenuItemCompatHoneycomb
android.support.v4.view.MotionEventCompat
android.support.v4.view.MotionEventCompat$BaseMotionEventVersionImpl
android.support.v4.view.MotionEventCompat$EclairMotionEventVersionImpl
android.support.v4.view.MotionEventCompat$MotionEventVersionImpl
android.support.v4.view.MotionEventCompatEclair
android.support.v4.view.PagerAdapter
android.support.v4.view.PagerTabStrip
android.support.v4.view.PagerTabStrip$1
android.support.v4.view.PagerTabStrip$2
android.support.v4.view.PagerTitleStrip
android.support.v4.view.PagerTitleStrip$1
android.support.v4.view.PagerTitleStrip$PageListener
android.support.v4.view.PagerTitleStrip$PagerTitleStripImpl
android.support.v4.view.PagerTitleStrip$PagerTitleStripImplBase
android.support.v4.view.PagerTitleStrip$PagerTitleStripImplIcs
android.support.v4.view.PagerTitleStripIcs
android.support.v4.view.PagerTitleStripIcs$SingleLineAllCapsTransform
android.support.v4.view.VelocityTrackerCompat
android.support.v4.view.VelocityTrackerCompat$BaseVelocityTrackerVersionImpl
android.support.v4.view.VelocityTrackerCompat$HoneycombVelocityTrackerVersionImpl
android.support.v4.view.VelocityTrackerCompat$VelocityTrackerVersionImpl
android.support.v4.view.VelocityTrackerCompatHoneycomb
android.support.v4.view.ViewCompat
android.support.v4.view.ViewCompat$BaseViewCompatImpl
android.support.v4.view.ViewCompat$GBViewCompatImpl
android.support.v4.view.ViewCompat$HCViewCompatImpl
android.support.v4.view.ViewCompat$ICSViewCompatImpl
android.support.v4.view.ViewCompat$JBViewCompatImpl
android.support.v4.view.ViewCompat$ViewCompatImpl
android.support.v4.view.ViewCompatGingerbread
android.support.v4.view.ViewCompatHC
android.support.v4.view.ViewCompatICS
android.support.v4.view.ViewCompatJB
android.support.v4.view.ViewConfigurationCompat
android.support.v4.view.ViewConfigurationCompat$BaseViewConfigurationVersionImpl
android.support.v4.view.ViewConfigurationCompat$FroyoViewConfigurationVersionImpl
android.support.v4.view.ViewConfigurationCompat$ViewConfigurationVersionImpl
android.support.v4.view.ViewConfigurationCompatFroyo
android.support.v4.view.ViewGroupCompat
android.support.v4.view.ViewGroupCompat$ViewGroupCompatIcsImpl
android.support.v4.view.ViewGroupCompat$ViewGroupCompatImpl
android.support.v4.view.ViewGroupCompat$ViewGroupCompatStubImpl
android.support.v4.view.ViewGroupCompatIcs
android.support.v4.view.ViewPager
android.support.v4.view.ViewPager$1
android.support.v4.view.ViewPager$2
android.support.v4.view.ViewPager$Decor